        -:    0:Source:chklic.c
        -:    0:Graph:chklic.gcno
        -:    0:Data:chklic.gcda
        -:    0:Runs:2
        -:    0:Programs:1
        -:    1:#include <stdio.h>
        -:    2:#include <time.h>
        -:    3:#include <stdlib.h>
        -:    4:#include <string.h>
        -:    5:
        -:    6:int ACTIVATION_CODE = 42;
        -:    7:struct tm EXPIRE_TIME = {0,0,0,10,9-1,2015-1900,0,0,0};
        -:    8:
        1:    9:void renewlicense(void) {
        1:   10:    puts("Your license is renewed.");
        1:   11:    printf("ok");
        1:   12:}
        -:   13:
        2:   14:int checklicense(void) {
        -:   15:  time_t current_time;
        -:   16:  char code[30];
        -:   17:
        2:   18:  time(&current_time); /* set current time */
        2:   19:  if (current_time > mktime(&EXPIRE_TIME)) {
        2:   20:    printf("Your license is expired.\n");
        2:   21:    printf("Enter activation code: ");
        2:   22:    scanf("%s", code);
        2:   23:    if(strcmp(code,"code") == 0) {
        1:   24:	  puts("OK");
        1:   25:      renewlicense();
        -:   26:    } else {
        1:   27:      printf("Wrong code.\n");     
        1:   28:      return -1;
        -:   29:    }
        -:   30:  }
        1:   31:  return 0;
        -:   32:}
        -:   33:
        2:   34:int main(void) {
        2:   35:  checklicense();
        2:   36:  return 0;
        -:   37:}
